# JRE version: Java(TM) SE Runtime Environment (16.0.1+9) (build 16.0.1+9-24)
# Java VM: Java HotSpot(TM) 64-Bit Server VM (16.0.1+9-24, mixed mode, sharing, tiered, compressed oops, compressed class ptrs, g1 gc, windows-amd64)
GC Precious Log:
 CPUs: 4 total, 4 available
 Memory: 8077M
 Large Page Support: Disabled
 NUMA Support: Disabled
 Compressed Oops: Enabled (32-bit)
 Heap Region Size: 1M
 Heap Min Capacity: 8M
 Heap Initial Capacity: 128M
 Heap Max Capacity: 2020M
 Pre-touch: Disabled
 Parallel Workers: 4
 Concurrent Workers: 1
 Concurrent Refinement Workers: 4
 Periodic GC: Disabled
Heap:
 garbage-first heap   total 59392K, used 34804K [0x0000000081c00000, 0x0000000100000000)
  region size 1024K, 20 young (20480K), 2 survivors (2048K)
 Metaspace       used 35443K, committed 35776K, reserved 1081344K
  class space    used 4933K, committed 5120K, reserved 1048576K
GC Heap History (12 events):
Event: 0.617 GC heap before
{Heap before GC invocations=0 (full 0):
 garbage-first heap   total 131072K, used 13312K [0x0000000081c00000, 0x0000000100000000)
  region size 1024K, 13 young (13312K), 0 survivors (0K)
 Metaspace       used 4330K, committed 4480K, reserved 1056768K
  class space    used 492K, committed 576K, reserved 1048576K
}
Event: 0.626 GC heap after
{Heap after GC invocations=1 (full 0):
 garbage-first heap   total 131072K, used 4885K [0x0000000081c00000, 0x0000000100000000)
  region size 1024K, 2 young (2048K), 2 survivors (2048K)
 Metaspace       used 4330K, committed 4480K, reserved 1056768K
  class space    used 492K, committed 576K, reserved 1048576K
}
Event: 0.893 GC heap before
{Heap before GC invocations=1 (full 0):
 garbage-first heap   total 131072K, used 19221K [0x0000000081c00000, 0x0000000100000000)
  region size 1024K, 16 young (16384K), 2 survivors (2048K)
 Metaspace       used 7178K, committed 7360K, reserved 1056768K
  class space    used 866K, committed 960K, reserved 1048576K
}
Event: 0.896 GC heap after
{Heap after GC invocations=2 (full 0):
 garbage-first heap   total 131072K, used 6731K [0x0000000081c00000, 0x0000000100000000)
  region size 1024K, 2 young (2048K), 2 survivors (2048K)
 Metaspace       used 7178K, committed 7360K, reserved 1056768K
  class space    used 866K, committed 960K, reserved 1048576K
}
Event: 1.565 GC heap before
{Heap before GC invocations=2 (full 0):
 garbage-first heap   total 131072K, used 81483K [0x0000000081c00000, 0x0000000100000000)
  region size 1024K, 76 young (77824K), 2 survivors (2048K)
 Metaspace       used 13486K, committed 13824K, reserved 1064960K
  class space    used 1766K, committed 1920K, reserved 1048576K
}
Event: 1.570 GC heap after
{Heap after GC invocations=3 (full 0):
 garbage-first heap   total 131072K, used 9782K [0x0000000081c00000, 0x0000000100000000)
  region size 1024K, 5 young (5120K), 5 survivors (5120K)
 Metaspace       used 13486K, committed 13824K, reserved 1064960K
  class space    used 1766K, committed 1920K, reserved 1048576K
}
Event: 2.255 GC heap before
{Heap before GC invocations=3 (full 0):
 garbage-first heap   total 131072K, used 60982K [0x0000000081c00000, 0x0000000100000000)
  region size 1024K, 56 young (57344K), 5 survivors (5120K)
 Metaspace       used 21007K, committed 21248K, reserved 1073152K
  class space    used 2954K, committed 3072K, reserved 1048576K
}
Event: 2.262 GC heap after
{Heap after GC invocations=4 (full 0):
 garbage-first heap   total 131072K, used 12519K [0x0000000081c00000, 0x0000000100000000)
  region size 1024K, 8 young (8192K), 8 survivors (8192K)
 Metaspace       used 21007K, committed 21248K, reserved 1073152K
  class space    used 2954K, committed 3072K, reserved 1048576K
}
Event: 2.744 GC heap before
{Heap before GC invocations=5 (full 0):
 garbage-first heap   total 48128K, used 47335K [0x0000000081c00000, 0x0000000100000000)
  region size 1024K, 42 young (43008K), 8 survivors (8192K)
 Metaspace       used 28624K, committed 28928K, reserved 1081344K
  class space    used 3876K, committed 4032K, reserved 1048576K
}
Event: 2.757 GC heap after
{Heap after GC invocations=6 (full 0):
 garbage-first heap   total 59392K, used 15728K [0x0000000081c00000, 0x0000000100000000)
  region size 1024K, 7 young (7168K), 7 survivors (7168K)
 Metaspace       used 28624K, committed 28928K, reserved 1081344K
  class space    used 3876K, committed 4032K, reserved 1048576K
}
Event: 3.175 GC heap before
{Heap before GC invocations=6 (full 0):
 garbage-first heap   total 59392K, used 43376K [0x0000000081c00000, 0x0000000100000000)
  region size 1024K, 34 young (34816K), 7 survivors (7168K)
 Metaspace       used 33491K, committed 33920K, reserved 1081344K
  class space    used 4642K, committed 4864K, reserved 1048576K
}
Event: 3.183 GC heap after
{Heap after GC invocations=7 (full 0):
 garbage-first heap   total 59392K, used 17396K [0x0000000081c00000, 0x0000000100000000)
  region size 1024K, 2 young (2048K), 2 survivors (2048K)
 Metaspace       used 33491K, committed 33920K, reserved 1081344K
  class space    used 4642K, committed 4864K, reserved 1048576K
}

